<?xml version="1.0" encoding="UTF-8"?>
<!-- Generated by org.testng.reporters.JUnitReportReporter -->
<testsuite hostname="DESKTOP-1Q9C5PA" failures="0" tests="1" name="testCases.TC_001_AccountRegistration" time="3.750" errors="0" timestamp="2023-02-07T12:42:44 IST" skipped="0">
  <testcase classname="testCases.TC_001_AccountRegistration" name="test_Account_Registration" time="3.750"/>
  <system-out/>
</testsuite> <!-- testCases.TC_001_AccountRegistration -->
